<?xml version="1.0" encoding="UTF-8"?>
<testsuites>
  <testsuite id="0" name="D:\Git\Goalkeeper\goal-keeper\src\App.test.js" errors="0" package="D:\Git\Goalkeeper\goal-keeper\src\App.test.js" hostname="localhost" tests="1" failures="0" time="2.619" timestamp="2020-06-01T17:42:04">
    <properties>
    </properties>
    <testcase classname="renders learn react link" name="renders learn react link" time="0">
    </testcase>
    <system-out/>
    <system-err/>
  </testsuite>
  <testsuite id="1" name="D:\Git\Goalkeeper\goal-keeper\src\footer\Footer.test.js" errors="0" package="D:\Git\Goalkeeper\goal-keeper\src\footer\Footer.test.js" hostname="localhost" tests="1" failures="0" time="2.714" timestamp="2020-06-01T17:42:04">
    <properties>
    </properties>
    <testcase classname="renders Copyright" name="renders Copyright" time="0">
    </testcase>
    <system-out/>
    <system-err/>
  </testsuite>
</testsuites>